*************************************************************************************
Logged on 07/11/2025 14:37:57
                
    Info Event:

Initialized sample data with 0 exchange rate records from 2025-11-02 to 2025-07-11

System

-------------------------------------
Data:
Guid: System
Calling Page: CurrencyMonitoring
    
*************************************************************************************
Logged on 07/11/2025 14:41:20
                
    Info Event:

Initialized sample data with 3906 exchange rate records from 2024-01-01 to 2025-07-11

System

-------------------------------------
Data:
Guid: System
Calling Page: CurrencyMonitoring
    
*************************************************************************************
Logged on 07/11/2025 14:41:21
                
    Info Event:

Generating comprehensive currency report for period 2024-01-01 to 2025-07-11

System

-------------------------------------
Data:
Guid: System
Calling Page: CurrencyVisualization
    
*************************************************************************************
Logged on 07/11/2025 14:45:38
                
    Info Event:

Initialized sample data with 3906 exchange rate records from 2024-01-01 to 2025-07-11

System

-------------------------------------
Data:
Guid: System
Calling Page: CurrencyMonitoring
    
*************************************************************************************
Logged on 07/11/2025 14:45:38
                
    Info Event:

Generating comprehensive currency report for period 2024-01-01 to 2025-07-11

System

-------------------------------------
Data:
Guid: System
Calling Page: CurrencyReporting
    
*************************************************************************************
Logged on 07/11/2025 14:45:38
                
    Info Event:

Comprehensive currency report generated in directory: /home/runner/work/Library/Library/CurrencyMonitorDemo/CurrencyReports

System

-------------------------------------
Data:
Guid: System
Calling Page: CurrencyReporting
    
